F:\Visual Studio 2010\Projects\Contacts\CSdiSquares\Debug\cl.command.1.tlog
F:\Visual Studio 2010\Projects\Contacts\CSdiSquares\Debug\CL.read.1.tlog
F:\Visual Studio 2010\Projects\Contacts\CSdiSquares\Debug\CL.write.1.tlog
F:\VISUAL STUDIO 2010\PROJECTS\CONTACTS\CSDISQUARES\DEBUG\CSDISQUARES.EXE.EMBED.MANIFEST
F:\VISUAL STUDIO 2010\PROJECTS\CONTACTS\CSDISQUARES\DEBUG\CSDISQUARES.EXE.EMBED.MANIFEST.RES
F:\VISUAL STUDIO 2010\PROJECTS\CONTACTS\CSDISQUARES\DEBUG\CSDISQUARES.EXE.INTERMEDIATE.MANIFEST
F:\VISUAL STUDIO 2010\PROJECTS\CONTACTS\CSDISQUARES\DEBUG\CSDISQUARES.OBJ
F:\VISUAL STUDIO 2010\PROJECTS\CONTACTS\CSDISQUARES\DEBUG\CSDISQUARES.PCH
F:\VISUAL STUDIO 2010\PROJECTS\CONTACTS\CSDISQUARES\DEBUG\CSDISQUARES.RES
F:\Visual Studio 2010\Projects\Contacts\CSdiSquares\Debug\CSdiSquares.write.1.tlog
F:\Visual Studio 2010\Projects\Contacts\CSdiSquares\Debug\CSdiSquares_manifest.rc
F:\VISUAL STUDIO 2010\PROJECTS\CONTACTS\CSDISQUARES\DEBUG\CSDISQUARESDOC.OBJ
F:\VISUAL STUDIO 2010\PROJECTS\CONTACTS\CSDISQUARES\DEBUG\CSDISQUARESVIEW.OBJ
F:\Visual Studio 2010\Projects\Contacts\CSdiSquares\Debug\link.command.1.tlog
F:\Visual Studio 2010\Projects\Contacts\CSdiSquares\Debug\link.read.1.tlog
F:\Visual Studio 2010\Projects\Contacts\CSdiSquares\Debug\link.write.1.tlog
F:\Visual Studio 2010\Projects\Contacts\CSdiSquares\Debug\link-cvtres.read.1.tlog
F:\Visual Studio 2010\Projects\Contacts\CSdiSquares\Debug\link-cvtres.write.1.tlog
F:\VISUAL STUDIO 2010\PROJECTS\CONTACTS\CSDISQUARES\DEBUG\MAINFRM.OBJ
F:\Visual Studio 2010\Projects\Contacts\CSdiSquares\Debug\mt.command.1.tlog
F:\Visual Studio 2010\Projects\Contacts\CSdiSquares\Debug\mt.read.1.tlog
F:\Visual Studio 2010\Projects\Contacts\CSdiSquares\Debug\mt.write.1.tlog
F:\Visual Studio 2010\Projects\Contacts\CSdiSquares\Debug\rc.command.1.tlog
F:\Visual Studio 2010\Projects\Contacts\CSdiSquares\Debug\rc.read.1.tlog
F:\Visual Studio 2010\Projects\Contacts\CSdiSquares\Debug\rc.write.1.tlog
F:\VISUAL STUDIO 2010\PROJECTS\CONTACTS\CSDISQUARES\DEBUG\STDAFX.OBJ
F:\Visual Studio 2010\Projects\Contacts\CSdiSquares\Debug\vc100.idb
F:\VISUAL STUDIO 2010\PROJECTS\CONTACTS\CSDISQUARES\DEBUG\VC100.PDB
F:\VISUAL STUDIO 2010\PROJECTS\CONTACTS\DEBUG\CSDISQUARES.EXE
F:\VISUAL STUDIO 2010\PROJECTS\CONTACTS\DEBUG\CSDISQUARES.ILK
F:\VISUAL STUDIO 2010\PROJECTS\CONTACTS\DEBUG\CSDISQUARES.PDB
